
===========================================================================
report_checks -unconstrained
===========================================================================
======================= Typical Corner ===================================

Startpoint: _3729_ (rising edge-triggered flip-flop clocked by core_clk)
Endpoint: _3438_ (rising edge-triggered flip-flop clocked by core_clk)
Path Group: core_clk
Path Type: max

Fanout     Cap    Slew   Delay    Time   Description
-----------------------------------------------------------------------------
                  0.00    0.00    0.00   clock core_clk (rise edge)
                          0.00    0.00   clock network delay (ideal)
                  0.00    0.00    0.00 ^ _3729_/CLK (sky130_fd_sc_hd__dfxtp_2)
     3    0.01    0.05    0.31    0.31 v _3729_/Q (sky130_fd_sc_hd__dfxtp_2)
                                         decoder_inst.instruction[26] (net)
                  0.05    0.00    0.31 v _1729_/A (sky130_fd_sc_hd__xor2_2)
     9    0.02    0.12    0.21    0.53 v _1729_/X (sky130_fd_sc_hd__xor2_2)
                                         _0374_ (net)
                  0.12    0.00    0.53 v _1730_/C (sky130_fd_sc_hd__and3b_2)
     1    0.00    0.04    0.23    0.76 v _1730_/X (sky130_fd_sc_hd__and3b_2)
                                         _0375_ (net)
                  0.04    0.00    0.76 v _1731_/A (sky130_fd_sc_hd__buf_1)
     9    0.03    0.17    0.20    0.95 v _1731_/X (sky130_fd_sc_hd__buf_1)
                                         _0376_ (net)
                  0.17    0.00    0.95 v _1760_/A (sky130_fd_sc_hd__buf_1)
    10    0.04    0.21    0.28    1.23 v _1760_/X (sky130_fd_sc_hd__buf_1)
                                         _0405_ (net)
                  0.21    0.00    1.23 v _1935_/A2 (sky130_fd_sc_hd__a21o_2)
     2    0.01    0.04    0.27    1.51 v _1935_/X (sky130_fd_sc_hd__a21o_2)
                                         _0580_ (net)
                  0.04    0.00    1.51 v _1936_/C (sky130_fd_sc_hd__or4_2)
     2    0.00    0.10    0.61    2.12 v _1936_/X (sky130_fd_sc_hd__or4_2)
                                         _0581_ (net)
                  0.10    0.00    2.12 v _1946_/A1 (sky130_fd_sc_hd__a21o_2)
     2    0.00    0.04    0.21    2.32 v _1946_/X (sky130_fd_sc_hd__a21o_2)
                                         _0591_ (net)
                  0.04    0.00    2.32 v _1948_/A2 (sky130_fd_sc_hd__a21o_2)
     3    0.01    0.05    0.22    2.54 v _1948_/X (sky130_fd_sc_hd__a21o_2)
                                         _0593_ (net)
                  0.05    0.00    2.54 v _1950_/A2 (sky130_fd_sc_hd__a21o_2)
     2    0.01    0.05    0.23    2.78 v _1950_/X (sky130_fd_sc_hd__a21o_2)
                                         _0595_ (net)
                  0.05    0.00    2.78 v _1962_/A1 (sky130_fd_sc_hd__a21o_2)
     3    0.01    0.05    0.20    2.98 v _1962_/X (sky130_fd_sc_hd__a21o_2)
                                         _0607_ (net)
                  0.05    0.00    2.98 v _1975_/A1 (sky130_fd_sc_hd__a211o_2)
     3    0.01    0.07    0.31    3.29 v _1975_/X (sky130_fd_sc_hd__a211o_2)
                                         _0620_ (net)
                  0.07    0.00    3.29 v _1978_/A3 (sky130_fd_sc_hd__a311o_2)
     4    0.01    0.07    0.41    3.71 v _1978_/X (sky130_fd_sc_hd__a311o_2)
                                         _0623_ (net)
                  0.07    0.00    3.71 v _2022_/C (sky130_fd_sc_hd__and4b_2)
     1    0.00    0.04    0.22    3.92 v _2022_/X (sky130_fd_sc_hd__and4b_2)
                                         _0667_ (net)
                  0.04    0.00    3.92 v _2034_/A (sky130_fd_sc_hd__or3_2)
     6    0.02    0.13    0.54    4.47 v _2034_/X (sky130_fd_sc_hd__or3_2)
                                         _0679_ (net)
                  0.13    0.00    4.47 v _2136_/A1 (sky130_fd_sc_hd__a31oi_2)
     3    0.01    0.22    0.22    4.68 ^ _2136_/Y (sky130_fd_sc_hd__a31oi_2)
                                         _0781_ (net)
                  0.22    0.00    4.68 ^ _2182_/A1 (sky130_fd_sc_hd__o21ai_2)
     2    0.01    0.07    0.12    4.80 v _2182_/Y (sky130_fd_sc_hd__o21ai_2)
                                         _0827_ (net)
                  0.07    0.00    4.80 v _2194_/A1 (sky130_fd_sc_hd__a21o_2)
     2    0.01    0.05    0.22    5.02 v _2194_/X (sky130_fd_sc_hd__a21o_2)
                                         _0839_ (net)
                  0.05    0.00    5.02 v _2196_/A2 (sky130_fd_sc_hd__a21o_2)
     2    0.01    0.06    0.24    5.26 v _2196_/X (sky130_fd_sc_hd__a21o_2)
                                         _0841_ (net)
                  0.06    0.00    5.26 v _2210_/A1 (sky130_fd_sc_hd__a21oi_2)
     1    0.01    0.15    0.16    5.42 ^ _2210_/Y (sky130_fd_sc_hd__a21oi_2)
                                         _0855_ (net)
                  0.15    0.00    5.42 ^ _2222_/A (sky130_fd_sc_hd__xnor2_2)
     1    0.00    0.04    0.08    5.50 v _2222_/Y (sky130_fd_sc_hd__xnor2_2)
                                         _0867_ (net)
                  0.04    0.00    5.50 v _2356_/A2 (sky130_fd_sc_hd__a21o_2)
     5    0.01    0.05    0.23    5.73 v _2356_/X (sky130_fd_sc_hd__a21o_2)
                                         _1001_ (net)
                  0.05    0.00    5.73 v _2357_/A (sky130_fd_sc_hd__buf_1)
     5    0.01    0.06    0.12    5.85 v _2357_/X (sky130_fd_sc_hd__buf_1)
                                         result[31] (net)
                  0.06    0.00    5.85 v _2981_/A1 (sky130_fd_sc_hd__a22o_2)
     1    0.00    0.04    0.23    6.08 v _2981_/X (sky130_fd_sc_hd__a22o_2)
                                         _0038_ (net)
                  0.04    0.00    6.08 v _3438_/D (sky130_fd_sc_hd__dfxtp_2)
                                  6.08   data arrival time

                  0.00   10.00   10.00   clock core_clk (rise edge)
                          0.00   10.00   clock network delay (ideal)
                          0.00   10.00   clock reconvergence pessimism
                                 10.00 ^ _3438_/CLK (sky130_fd_sc_hd__dfxtp_2)
                         -0.12    9.88   library setup time
                                  9.88   data required time
-----------------------------------------------------------------------------
                                  9.88   data required time
                                 -6.08   data arrival time
-----------------------------------------------------------------------------
                                  3.80   slack (MET)




===========================================================================
report_checks --slack_max -0.01
============================================================================
======================= Typical Corner ===================================

No paths found.


===========================================================================
 report_check_types -max_slew -max_cap -max_fanout -violators
============================================================================
======================= Typical Corner ===================================


max slew violations count Typical: 0
max fanout violations count Typical: 0
max cap violations count Typical: 0

===========================================================================
report_parasitic_annotation -report_unannotated
============================================================================
Found 2055 unannotated drivers.
 clk
 control
 reset
 _1680_/X
 _1681_/X
 _1682_/X
 _1683_/X
 _1684_/X
 _1685_/Y
 _1686_/X
 _1687_/Y
 _1688_/X
 _1689_/X
 _1690_/X
 _1691_/X
 _1692_/X
 _1693_/X
 _1694_/X
 _1695_/X
 _1696_/X
 _1697_/Y
 _1698_/Y
 _1699_/X
 _1700_/X
 _1701_/X
 _1702_/X
 _1703_/X
 _1704_/X
 _1705_/X
 _1706_/X
 _1707_/X
 _1708_/X
 _1709_/X
 _1710_/X
 _1711_/X
 _1712_/Y
 _1713_/X
 _1714_/X
 _1715_/X
 _1716_/X
 _1717_/X
 _1718_/X
 _1719_/X
 _1720_/X
 _1721_/X
 _1722_/X
 _1723_/X
 _1724_/X
 _1725_/X
 _1726_/X
 _1727_/X
 _1728_/Y
 _1729_/X
 _1730_/X
 _1731_/X
 _1732_/X
 _1733_/X
 _1734_/X
 _1735_/X
 _1736_/X
 _1737_/X
 _1738_/X
 _1739_/Y
 _1740_/Y
 _1741_/X
 _1742_/Y
 _1743_/X
 _1744_/X
 _1745_/X
 _1746_/X
 _1747_/Y
 _1748_/X
 _1749_/Y
 _1750_/X
 _1751_/X
 _1752_/X
 _1753_/X
 _1754_/X
 _1755_/Y
 _1756_/X
 _1757_/Y
 _1758_/X
 _1759_/Y
 _1760_/X
 _1761_/X
 _1762_/X
 _1763_/Y
 _1764_/X
 _1765_/Y
 _1766_/X
 _1767_/X
 _1768_/Y
 _1769_/Y
 _1770_/Y
 _1771_/X
 _1772_/X
 _1773_/X
 _1774_/X
 _1775_/Y
 _1776_/X
 _1777_/Y
 _1778_/X
 _1779_/X
 _1780_/Y
 _1781_/Y
 _1782_/X
 _1783_/X
 _1784_/Y
 _1785_/X
 _1786_/X
 _1787_/Y
 _1788_/X
 _1789_/Y
 _1790_/X
 _1791_/X
 _1792_/X
 _1793_/Y
 _1794_/X
 _1795_/Y
 _1796_/Y
 _1797_/X
 _1798_/X
 _1799_/X
 _1800_/Y
 _1801_/X
 _1802_/Y
 _1803_/X
 _1804_/Y
 _1805_/X
 _1806_/Y
 _1807_/X
 _1808_/Y
 _1809_/X
 _1810_/Y
 _1811_/X
 _1812_/Y
 _1813_/X
 _1814_/X
 _1815_/Y
 _1816_/X
 _1817_/X
 _1818_/Y
 _1819_/X
 _1820_/X
 _1821_/Y
 _1822_/X
 _1823_/Y
 _1824_/X
 _1825_/Y
 _1826_/X
 _1827_/Y
 _1828_/X
 _1829_/X
 _1830_/X
 _1831_/X
 _1832_/Y
 _1833_/X
 _1834_/X
 _1835_/X
 _1836_/Y
 _1837_/Y
 _1838_/X
 _1839_/Y
 _1840_/X
 _1841_/X
 _1842_/X
 _1843_/X
 _1844_/X
 _1845_/Y
 _1846_/X
 _1847_/X
 _1848_/X
 _1849_/X
 _1850_/X
 _1851_/X
 _1852_/X
 _1853_/X
 _1854_/X
 _1855_/X
 _1856_/X
 _1857_/Y
 _1858_/X
 _1859_/X
 _1860_/X
 _1861_/Y
 _1862_/X
 _1863_/X
 _1864_/X
 _1865_/X
 _1866_/X
 _1867_/Y
 _1868_/Y
 _1869_/Y
 _1870_/Y
 _1871_/X
 _1872_/X
 _1873_/X
 _1874_/X
 _1875_/X
 _1876_/X
 _1877_/X
 _1878_/Y
 _1879_/X
 _1880_/X
 _1881_/Y
 _1882_/Y
 _1883_/X
 _1884_/X
 _1885_/X
 _1886_/X
 _1887_/X
 _1888_/X
 _1889_/X
 _1890_/Y
 _1891_/X
 _1892_/X
 _1893_/X
 _1894_/Y
 _1895_/X
 _1896_/X
 _1897_/X
 _1898_/X
 _1899_/X
 _1900_/X
 _1901_/Y
 _1902_/X
 _1903_/X
 _1904_/Y
 _1905_/X
 _1906_/X
 _1907_/X
 _1908_/X
 _1909_/X
 _1910_/Y
 _1911_/X
 _1912_/X
 _1913_/X
 _1914_/Y
 _1915_/X
 _1916_/X
 _1917_/X
 _1918_/X
 _1919_/X
 _1920_/X
 _1921_/Y
 _1922_/Y
 _1923_/X
 _1924_/Y
 _1925_/X
 _1926_/X
 _1927_/X
 _1928_/X
 _1929_/X
 _1930_/X
 _1931_/X
 _1932_/X
 _1933_/X
 _1934_/Y
 _1935_/X
 _1936_/X
 _1937_/X
 _1938_/X
 _1939_/X
 _1940_/X
 _1941_/X
 _1942_/X
 _1943_/X
 _1944_/X
 _1945_/X
 _1946_/X
 _1947_/X
 _1948_/X
 _1949_/X
 _1950_/X
 _1951_/X
 _1952_/X
 _1953_/X
 _1954_/X
 _1955_/X
 _1956_/X
 _1957_/Y
 _1958_/X
 _1959_/Y
 _1960_/X
 _1961_/X
 _1962_/X
 _1963_/X
 _1964_/X
 _1965_/X
 _1966_/X
 _1967_/X
 _1968_/X
 _1969_/X
 _1970_/Y
 _1971_/Y
 _1972_/X
 _1973_/Y
 _1974_/X
 _1975_/X
 _1976_/Y
 _1977_/Y
 _1978_/X
 _1979_/X
 _1980_/X
 _1981_/X
 _1982_/X
 _1983_/X
 _1984_/Y
 _1985_/X
 _1986_/Y
 _1987_/Y
 _1988_/X
 _1989_/X
 _1990_/X
 _1991_/X
 _1992_/X
 _1993_/X
 _1994_/Y
 _1995_/Y
 _1996_/Y
 _1997_/X
 _1998_/X
 _1999_/X
 _2000_/X
 _2001_/X
 _2002_/X
 _2003_/X
 _2004_/Y
 _2005_/Y
 _2006_/Y
 _2007_/Y
 _2008_/X
 _2009_/Y
 _2010_/X
 _2011_/X
 _2012_/X
 _2013_/X
 _2014_/X
 _2015_/X
 _2016_/Y
 _2017_/Y
 _2018_/Y
 _2019_/X
 _2020_/Y
 _2021_/X
 _2022_/X
 _2023_/Y
 _2024_/Y
 _2025_/X
 _2026_/X
 _2027_/Y
 _2028_/Y
 _2029_/Y
 _2030_/X
 _2031_/X
 _2032_/Y
 _2033_/X
 _2034_/X
 _2035_/X
 _2036_/X
 _2037_/X
 _2038_/X
 _2039_/X
 _2040_/Y
 _2041_/X
 _2042_/X
 _2043_/Y
 _2044_/Y
 _2045_/X
 _2046_/X
 _2047_/X
 _2048_/X
 _2049_/X
 _2050_/Y
 _2051_/X
 _2052_/X
 _2053_/Y
 _2054_/X
 _2055_/Y
 _2056_/X
 _2057_/X
 _2058_/X
 _2059_/X
 _2060_/X
 _2061_/X
 _2062_/Y
 _2063_/X
 _2064_/X
 _2065_/Y
 _2066_/Y
 _2067_/X
 _2068_/X
 _2069_/X
 _2070_/X
 _2071_/X
 _2072_/X
 _2073_/X
 _2074_/Y
 _2075_/X
 _2076_/Y
 _2077_/Y
 _2078_/X
 _2079_/X
 _2080_/X
 _2081_/X
 _2082_/X
 _2083_/X
 _2084_/X
 _2085_/X
 _2086_/Y
 _2087_/Y
 _2088_/X
 _2089_/Y
 _2090_/X
 _2091_/X
 _2092_/X
 _2093_/X
 _2094_/X
 _2095_/X
 _2096_/Y
 _2097_/X
 _2098_/Y
 _2099_/Y
 _2100_/X
 _2101_/X
 _2102_/X
 _2103_/X
 _2104_/X
 _2105_/X
 _2106_/X
 _2107_/X
 _2108_/X
 _2109_/Y
 _2110_/Y
 _2111_/X
 _2112_/Y
 _2113_/X
 _2114_/X
 _2115_/X
 _2116_/X
 _2117_/X
 _2118_/X
 _2119_/X
 _2120_/Y
 _2121_/X
 _2122_/Y
 _2123_/Y
 _2124_/X
 _2125_/Y
 _2126_/Y
 _2127_/X
 _2128_/X
 _2129_/X
 _2130_/X
 _2131_/X
 _2132_/Y
 _2133_/X
 _2134_/X
 _2135_/X
 _2136_/Y
 _2137_/X
 _2138_/X
 _2139_/X
 _2140_/X
 _2141_/X
 _2142_/Y
 _2143_/Y
 _2144_/X
 _2145_/X
 _2146_/X
 _2147_/X
 _2148_/X
 _2149_/X
 _2150_/X
 _2151_/X
 _2152_/Y
 _2153_/Y
 _2154_/X
 _2155_/X
 _2156_/X
 _2157_/X
 _2158_/X
 _2159_/X
 _2160_/Y
 _2161_/X
 _2162_/Y
 _2163_/X
 _2164_/X
 _2165_/X
 _2166_/X
 _2167_/X
 _2168_/X
 _2169_/X
 _2170_/Y
 _2171_/Y
 _2172_/Y
 _2173_/Y
 _2174_/Y
 _2175_/X
 _2176_/X
 _2177_/X
 _2178_/X
 _2179_/X
 _2180_/Y
 _2181_/X
 _2182_/Y
 _2183_/X
 _2184_/X
 _2185_/X
 _2186_/X
 _2187_/X
 _2188_/Y
 _2189_/Y
 _2190_/Y
 _2191_/Y
 _2192_/Y
 _2193_/Y
 _2194_/X
 _2195_/Y
 _2196_/X
 _2197_/X
 _2198_/X
 _2199_/X
 _2200_/X
 _2201_/X
 _2202_/Y
 _2203_/X
 _2204_/Y
 _2205_/X
 _2206_/X
 _2207_/Y
 _2208_/X
 _2209_/Y
 _2210_/Y
 _2211_/X
 _2212_/X
 _2213_/X
 _2214_/X
 _2215_/X
 _2216_/X
 _2217_/Y
 _2218_/X
 _2219_/Y
 _2220_/Y
 _2221_/Y
 _2222_/Y
 _2223_/X
 _2224_/Y
 _2225_/X
 _2226_/X
 _2227_/X
 _2228_/X
 _2229_/X
 _2230_/X
 _2231_/X
 _2232_/Y
 _2233_/X
 _2234_/X
 _2235_/X
 _2236_/Y
 _2237_/Y
 _2238_/X
 _2239_/X
 _2240_/X
 _2241_/X
 _2242_/X
 _2243_/X
 _2244_/X
 _2245_/X
 _2246_/X
 _2247_/X
 _2248_/Y
 _2249_/X
 _2250_/X
 _2251_/X
 _2252_/X
 _2253_/X
 _2254_/X
 _2255_/X
 _2256_/Y
 _2257_/Y
 _2258_/Y
 _2259_/Y
 _2260_/X
 _2261_/Y
 _2262_/X
 _2263_/X
 _2264_/Y
 _2265_/X
 _2266_/Y
 _2267_/Y
 _2268_/X
 _2269_/Y
 _2270_/Y
 _2271_/Y
 _2272_/Y
 _2273_/X
 _2274_/X
 _2275_/Y
 _2276_/X
 _2277_/Y
 _2278_/X
 _2279_/X
 _2280_/X
 _2281_/X
 _2282_/X
 _2283_/X
 _2284_/X
 _2285_/Y
 _2286_/X
 _2287_/Y
 _2288_/X
 _2289_/Y
 _2290_/X
 _2291_/Y
 _2292_/X
 _2293_/Y
 _2294_/X
 _2295_/Y
 _2296_/X
 _2297_/Y
 _2298_/Y
 _2299_/X
 _2300_/X
 _2301_/Y
 _2302_/Y
 _2303_/X
 _2304_/Y
 _2305_/X
 _2306_/X
 _2307_/X
 _2308_/Y
 _2309_/X
 _2310_/X
 _2311_/Y
 _2312_/Y
 _2313_/X
 _2314_/Y
 _2315_/Y
 _2316_/Y
 _2317_/Y
 _2318_/X
 _2319_/X
 _2320_/X
 _2321_/Y
 _2322_/Y
 _2323_/X
 _2324_/X
 _2325_/X
 _2326_/Y
 _2327_/X
 _2328_/X
 _2329_/Y
 _2330_/Y
 _2331_/Y
 _2332_/Y
 _2333_/Y
 _2334_/Y
 _2335_/Y
 _2336_/Y
 _2337_/Y
 _2338_/Y
 _2339_/Y
 _2340_/Y
 _2341_/X
 _2342_/Y
 _2343_/Y
 _2344_/Y
 _2345_/Y
 _2346_/X
 _2347_/X
 _2348_/Y
 _2349_/Y
 _2350_/Y
 _2351_/X
 _2352_/X
 _2353_/X
 _2354_/X
 _2355_/X
 _2356_/X
 _2357_/X
 _2358_/X
 _2359_/Y
 _2360_/Y
 _2361_/X
 _2362_/X
 _2363_/Y
 _2364_/Y
 _2365_/X
 _2366_/Y
 _2367_/Y
 _2368_/X
 _2369_/Y
 _2370_/X
 _2371_/Y
 _2372_/X
 _2373_/Y
 _2374_/Y
 _2375_/X
 _2376_/X
 _2377_/Y
 _2378_/Y
 _2379_/Y
 _2380_/Y
 _2381_/Y
 _2382_/X
 _2383_/Y
 _2384_/Y
 _2385_/Y
 _2386_/Y
 _2387_/Y
 _2388_/Y
 _2389_/Y
 _2390_/X
 _2391_/Y
 _2392_/X
 _2393_/Y
 _2394_/X
 _2395_/Y
 _2396_/X
 _2397_/X
 _2398_/X
 _2399_/X
 _2400_/X
 _2401_/Y
 _2402_/X
 _2403_/Y
 _2404_/X
 _2405_/Y
 _2406_/Y
 _2407_/X
 _2408_/X
 _2409_/Y
 _2410_/X
 _2411_/Y
 _2412_/Y
 _2413_/Y
 _2414_/Y
 _2415_/Y
 _2416_/X
 _2417_/X
 _2418_/Y
 _2419_/Y
 _2420_/X
 _2421_/Y
 _2422_/Y
 _2423_/X
 _2424_/X
 _2425_/X
 _2426_/X
 _2427_/X
 _2428_/Y
 _2429_/X
 _2430_/X
 _2431_/Y
 _2432_/X
 _2433_/X
 _2434_/X
 _2435_/X
 _2436_/X
 _2437_/X
 _2438_/X
 _2439_/Y
 _2440_/Y
 _2441_/X
 _2442_/X
 _2443_/X
 _2444_/Y
 _2445_/X
 _2446_/X
 _2447_/X
 _2448_/Y
 _2449_/X
 _2450_/X
 _2451_/X
 _2452_/X
 _2453_/X
 _2454_/X
 _2455_/X
 _2456_/X
 _2457_/Y
 _2458_/X
 _2459_/X
 _2460_/X
 _2461_/Y
 _2462_/Y
 _2463_/X
 _2464_/X
 _2465_/X
 _2466_/X
 _2467_/X
 _2468_/Y
 _2469_/X
 _2470_/Y
 _2471_/X
 _2472_/X
 _2473_/X
 _2474_/Y
 _2475_/X
 _2476_/X
 _2477_/X
 _2478_/X
 _2479_/X
 _2480_/X
 _2481_/X
 _2482_/X
 _2483_/X
 _2484_/Y
 _2485_/Y
 _2486_/X
 _2487_/Y
 _2488_/X
 _2489_/X
 _2490_/X
 _2491_/X
 _2492_/Y
 _2493_/Y
 _2494_/X
 _2495_/X
 _2496_/Y
 _2497_/X
 _2498_/Y
 _2499_/X
 _2500_/X
 _2501_/X
 _2502_/X
 _2503_/X
 _2504_/Y
 _2505_/X
 _2506_/X
 _2507_/X
 _2508_/Y
 _2509_/X
 _2510_/Y
 _2511_/Y
 _2512_/Y
 _2513_/X
 _2514_/X
 _2515_/X
 _2516_/X
 _2517_/X
 _2518_/X
 _2519_/Y
 _2520_/X
 _2521_/Y
 _2522_/Y
 _2523_/Y
 _2524_/X
 _2525_/Y
 _2526_/Y
 _2527_/X
 _2528_/X
 _2529_/Y
 _2530_/Y
 _2531_/Y
 _2532_/Y
 _2533_/X
 _2534_/Y
 _2535_/X
 _2536_/Y
 _2537_/X
 _2538_/Y
 _2539_/Y
 _2540_/X
 _2541_/X
 _2542_/Y
 _2543_/Y
 _2544_/X
 _2545_/X
 _2546_/X
 _2547_/X
 _2548_/X
 _2549_/X
 _2550_/X
 _2551_/X
 _2552_/X
 _2553_/Y
 _2554_/Y
 _2555_/Y
 _2556_/X
 _2557_/Y
 _2558_/X
 _2559_/Y
 _2560_/X
 _2561_/X
 _2562_/Y
 _2563_/Y
 _2564_/Y
 _2565_/Y
 _2566_/X
 _2567_/Y
 _2568_/X
 _2569_/X
 _2570_/X
 _2571_/Y
 _2572_/Y
 _2573_/X
 _2574_/X
 _2575_/X
 _2576_/Y
 _2577_/Y
 _2578_/X
 _2579_/X
 _2580_/X
 _2581_/X
 _2582_/Y
 _2583_/Y
 _2584_/X
 _2585_/Y
 _2586_/X
 _2587_/X
 _2588_/X
 _2589_/Y
 _2590_/Y
 _2591_/X
 _2592_/X
 _2593_/X
 _2594_/Y
 _2595_/X
 _2596_/X
 _2597_/Y
 _2598_/Y
 _2599_/X
 _2600_/Y
 _2601_/Y
 _2602_/Y
 _2603_/X
 _2604_/Y
 _2605_/Y
 _2606_/Y
 _2607_/X
 _2608_/Y
 _2609_/X
 _2610_/Y
 _2611_/X
 _2612_/X
 _2613_/Y
 _2614_/Y
 _2615_/Y
 _2616_/X
 _2617_/X
 _2618_/X
 _2619_/X
 _2620_/Y
 _2621_/X
 _2622_/X
 _2623_/X
 _2624_/Y
 _2625_/X
 _2626_/Y
 _2627_/Y
 _2628_/X
 _2629_/X
 _2630_/X
 _2631_/X
 _2632_/Y
 _2633_/Y
 _2634_/X
 _2635_/X
 _2636_/Y
 _2637_/Y
 _2638_/X
 _2639_/X
 _2640_/X
 _2641_/X
 _2642_/X
 _2643_/Y
 _2644_/X
 _2645_/X
 _2646_/Y
 _2647_/Y
 _2648_/X
 _2649_/X
 _2650_/X
 _2651_/X
 _2652_/X
 _2653_/X
 _2654_/X
 _2655_/Y
 _2656_/X
 _2657_/Y
 _2658_/X
 _2659_/Y
 _2660_/X
 _2661_/Y
 _2662_/X
 _2663_/X
 _2664_/X
 _2665_/X
 _2666_/Y
 _2667_/Y
 _2668_/Y
 _2669_/Y
 _2670_/X
 _2671_/X
 _2672_/X
 _2673_/X
 _2674_/X
 _2675_/X
 _2676_/Y
 _2677_/Y
 _2678_/Y
 _2679_/X
 _2680_/X
 _2681_/X
 _2682_/X
 _2683_/X
 _2684_/X
 _2685_/Y
 _2686_/Y
 _2687_/X
 _2688_/X
 _2689_/X
 _2690_/Y
 _2691_/X
 _2692_/X
 _2693_/X
 _2694_/X
 _2695_/Y
 _2696_/Y
 _2697_/X
 _2698_/X
 _2699_/X
 _2700_/X
 _2701_/X
 _2702_/X
 _2703_/Y
 _2704_/X
 _2705_/X
 _2706_/Y
 _2707_/X
 _2708_/Y
 _2709_/Y
 _2710_/Y
 _2711_/X
 _2712_/Y
 _2713_/X
 _2714_/Y
 _2715_/X
 _2716_/Y
 _2717_/X
 _2718_/X
 _2719_/X
 _2720_/Y
 _2721_/Y
 _2722_/X
 _2723_/X
 _2724_/X
 _2725_/X
 _2726_/X
 _2727_/X
 _2728_/X
 _2729_/Y
 _2730_/X
 _2731_/X
 _2732_/Y
 _2733_/X
 _2734_/X
 _2735_/Y
 _2736_/X
 _2737_/X
 _2738_/X
 _2739_/X
 _2740_/X
 _2741_/Y
 _2742_/X
 _2743_/X
 _2744_/X
 _2745_/X
 _2746_/X
 _2747_/X
 _2748_/X
 _2749_/X
 _2750_/Y
 _2751_/X
 _2752_/Y
 _2753_/Y
 _2754_/X
 _2755_/Y
 _2756_/X
 _2757_/X
 _2758_/Y
 _2759_/X
 _2760_/Y
 _2761_/X
 _2762_/Y
 _2763_/X
 _2764_/X
 _2765_/Y
 _2766_/X
 _2767_/X
 _2768_/X
 _2769_/X
 _2770_/X
 _2771_/Y
 _2772_/X
 _2773_/X
 _2774_/X
 _2775_/X
 _2776_/Y
 _2777_/Y
 _2778_/X
 _2779_/X
 _2780_/X
 _2781_/X
 _2782_/Y
 _2783_/X
 _2784_/X
 _2785_/Y
 _2786_/Y
 _2787_/X
 _2788_/X
 _2789_/Y
 _2790_/X
 _2791_/X
 _2792_/X
 _2793_/X
 _2794_/X
 _2795_/X
 _2796_/X
 _2797_/X
 _2798_/X
 _2799_/X
 _2800_/Y
 _2801_/Y
 _2802_/X
 _2803_/X
 _2804_/Y
 _2805_/X
 _2806_/Y
 _2807_/X
 _2808_/X
 _2809_/X
 _2810_/X
 _2811_/X
 _2812_/Y
 _2813_/X
 _2814_/X
 _2815_/X
 _2816_/X
 _2817_/X
 _2818_/X
 _2819_/X
 _2820_/X
 _2821_/Y
 _2822_/Y
 _2823_/X
 _2824_/X
 _2825_/Y
 _2826_/Y
 _2827_/Y
 _2828_/X
 _2829_/X
 _2830_/X
 _2831_/X
 _2832_/X
 _2833_/X
 _2834_/X
 _2835_/X
 _2836_/Y
 _2837_/X
 _2838_/Y
 _2839_/Y
 _2840_/Y
 _2841_/X
 _2842_/X
 _2843_/X
 _2844_/X
 _2845_/Y
 _2846_/X
 _2847_/Y
 _2848_/X
 _2849_/X
 _2850_/X
 _2851_/X
 _2852_/X
 _2853_/X
 _2854_/X
 _2855_/Y
 _2856_/X
 _2857_/X
 _2858_/X
 _2859_/Y
 _2860_/X
 _2861_/X
 _2862_/X
 _2863_/X
 _2864_/X
 _2865_/X
 _2866_/X
 _2867_/X
 _2868_/Y
 _2869_/Y
 _2870_/X
 _2871_/X
 _2872_/Y
 _2873_/Y
 _2874_/Y
 _2875_/Y
 _2876_/X
 _2877_/Y
 _2878_/X
 _2879_/X
 _2880_/Y
 _2881_/Y
 _2882_/X
 _2883_/X
 _2884_/X
 _2885_/X
 _2886_/X
 _2887_/X
 _2888_/X
 _2889_/X
 _2890_/Y
 _2891_/Y
 _2892_/X
 _2893_/X
 _2894_/X
 _2895_/Y
 _2896_/X
 _2897_/X
 _2898_/Y
 _2899_/Y
 _2900_/Y
 _2901_/Y
 _2902_/Y
 _2903_/Y
 _2904_/Y
 _2905_/X
 _2906_/X
 _2907_/X
 _2908_/X
 _2909_/X
 _2910_/X
 _2911_/Y
 _2912_/X
 _2913_/X
 _2914_/Y
 _2915_/Y
 _2916_/Y
 _2917_/X
 _2918_/X
 _2919_/Y
 _2920_/Y
 _2921_/Y
 _2922_/Y
 _2923_/Y
 _2924_/Y
 _2925_/Y
 _2926_/X
 _2927_/X
 _2928_/X
 _2929_/X
 _2930_/X
 _2931_/X
 _2932_/X
 _2933_/X
 _2934_/X
 _2935_/Y
 _2936_/X
 _2937_/X
 _2938_/Y
 _2939_/X
 _2940_/X
 _2941_/Y
 _2942_/X
 _2943_/X
 _2944_/Y
 _2945_/X
 _2946_/X
 _2947_/X
 _2948_/X
 _2949_/X
 _2950_/X
 _2951_/X
 _2952_/X
 _2953_/X
 _2954_/X
 _2955_/X
 _2956_/X
 _2957_/X
 _2958_/X
 _2959_/X
 _2960_/X
 _2961_/X
 _2962_/X
 _2963_/X
 _2964_/X
 _2965_/X
 _2966_/X
 _2967_/X
 _2968_/X
 _2969_/X
 _2970_/X
 _2971_/X
 _2972_/X
 _2973_/X
 _2974_/X
 _2975_/X
 _2976_/X
 _2977_/X
 _2978_/X
 _2979_/X
 _2980_/X
 _2981_/X
 _2982_/X
 _2983_/X
 _2984_/X
 _2985_/X
 _2986_/Y
 _2987_/X
 _2988_/Y
 _2989_/X
 _2990_/X
 _2991_/X
 _2992_/X
 _2993_/X
 _2994_/X
 _2995_/X
 _2996_/X
 _2997_/X
 _2998_/X
 _2999_/X
 _3000_/X
 _3001_/X
 _3002_/X
 _3003_/X
 _3004_/X
 _3005_/X
 _3006_/X
 _3007_/X
 _3008_/X
 _3009_/X
 _3010_/X
 _3011_/X
 _3012_/X
 _3013_/X
 _3014_/X
 _3015_/X
 _3016_/X
 _3017_/X
 _3018_/X
 _3019_/X
 _3020_/X
 _3021_/X
 _3022_/X
 _3023_/X
 _3024_/X
 _3025_/X
 _3026_/X
 _3027_/X
 _3028_/X
 _3029_/X
 _3030_/X
 _3031_/Y
 _3032_/X
 _3033_/Y
 _3034_/X
 _3035_/X
 _3036_/X
 _3037_/X
 _3038_/X
 _3039_/X
 _3040_/X
 _3041_/X
 _3042_/X
 _3043_/X
 _3044_/X
 _3045_/X
 _3046_/X
 _3047_/X
 _3048_/X
 _3049_/X
 _3050_/X
 _3051_/X
 _3052_/X
 _3053_/X
 _3054_/X
 _3055_/X
 _3056_/X
 _3057_/X
 _3058_/X
 _3059_/X
 _3060_/X
 _3061_/X
 _3062_/X
 _3063_/X
 _3064_/X
 _3065_/X
 _3066_/X
 _3067_/X
 _3068_/X
 _3069_/X
 _3070_/X
 _3071_/Y
 _3072_/Y
 _3073_/X
 _3074_/Y
 _3075_/X
 _3076_/Y
 _3077_/X
 _3078_/X
 _3079_/X
 _3080_/X
 _3081_/X
 _3082_/X
 _3083_/X
 _3084_/X
 _3085_/X
 _3086_/X
 _3087_/X
 _3088_/X
 _3089_/X
 _3090_/X
 _3091_/X
 _3092_/X
 _3093_/X
 _3094_/X
 _3095_/X
 _3096_/X
 _3097_/X
 _3098_/X
 _3099_/X
 _3100_/X
 _3101_/X
 _3102_/X
 _3103_/X
 _3104_/X
 _3105_/X
 _3106_/X
 _3107_/X
 _3108_/X
 _3109_/X
 _3110_/X
 _3111_/X
 _3112_/X
 _3113_/X
 _3114_/X
 _3115_/X
 _3116_/X
 _3117_/X
 _3118_/X
 _3119_/X
 _3120_/X
 _3121_/X
 _3122_/X
 _3123_/X
 _3124_/X
 _3125_/X
 _3126_/X
 _3127_/X
 _3128_/X
 _3129_/X
 _3130_/X
 _3131_/X
 _3132_/X
 _3133_/X
 _3134_/X
 _3135_/X
 _3136_/X
 _3137_/X
 _3138_/X
 _3139_/X
 _3140_/X
 _3141_/X
 _3142_/X
 _3143_/X
 _3144_/X
 _3145_/X
 _3146_/X
 _3147_/Y
 _3148_/X
 _3149_/Y
 _3150_/X
 _3151_/X
 _3152_/X
 _3153_/X
 _3154_/X
 _3155_/X
 _3156_/X
 _3157_/X
 _3158_/X
 _3159_/X
 _3160_/X
 _3161_/X
 _3162_/X
 _3163_/X
 _3164_/X
 _3165_/X
 _3166_/X
 _3167_/X
 _3168_/X
 _3169_/X
 _3170_/X
 _3171_/X
 _3172_/X
 _3173_/X
 _3174_/X
 _3175_/X
 _3176_/X
 _3177_/X
 _3178_/X
 _3179_/X
 _3180_/X
 _3181_/X
 _3182_/X
 _3183_/X
 _3184_/X
 _3185_/X
 _3186_/X
 _3187_/Y
 _3188_/X
 _3189_/X
 _3190_/Y
 _3191_/X
 _3192_/X
 _3193_/X
 _3194_/X
 _3195_/X
 _3196_/X
 _3197_/X
 _3198_/X
 _3199_/X
 _3200_/X
 _3201_/X
 _3202_/X
 _3203_/X
 _3204_/X
 _3205_/X
 _3206_/X
 _3207_/X
 _3208_/X
 _3209_/X
 _3210_/X
 _3211_/X
 _3212_/X
 _3213_/X
 _3214_/X
 _3215_/X
 _3216_/X
 _3217_/X
 _3218_/X
 _3219_/X
 _3220_/X
 _3221_/X
 _3222_/X
 _3223_/X
 _3224_/X
 _3225_/X
 _3226_/X
 _3227_/X
 _3228_/X
 _3229_/Y
 _3230_/X
 _3231_/Y
 _3232_/X
 _3233_/X
 _3234_/X
 _3235_/X
 _3236_/X
 _3237_/X
 _3238_/X
 _3239_/X
 _3240_/X
 _3241_/X
 _3242_/X
 _3243_/X
 _3244_/X
 _3245_/X
 _3246_/X
 _3247_/X
 _3248_/X
 _3249_/X
 _3250_/X
 _3251_/X
 _3252_/X
 _3253_/X
 _3254_/X
 _3255_/X
 _3256_/X
 _3257_/X
 _3258_/X
 _3259_/X
 _3260_/X
 _3261_/X
 _3262_/X
 _3263_/X
 _3264_/X
 _3265_/X
 _3266_/X
 _3267_/X
 _3268_/X
 _3269_/X
 _3270_/Y
 _3271_/X
 _3272_/Y
 _3273_/X
 _3274_/X
 _3275_/X
 _3276_/X
 _3277_/X
 _3278_/X
 _3279_/X
 _3280_/X
 _3281_/X
 _3282_/X
 _3283_/X
 _3284_/X
 _3285_/X
 _3286_/X
 _3287_/X
 _3288_/X
 _3289_/X
 _3290_/X
 _3291_/X
 _3292_/X
 _3293_/X
 _3294_/X
 _3295_/X
 _3296_/X
 _3297_/X
 _3298_/X
 _3299_/X
 _3300_/X
 _3301_/X
 _3302_/X
 _3303_/X
 _3304_/X
 _3305_/X
 _3306_/X
 _3307_/X
 _3308_/X
 _3309_/X
 _3310_/Y
 _3311_/Y
 _3312_/X
 _3313_/Y
 _3314_/X
 _3315_/X
 _3316_/X
 _3317_/X
 _3318_/X
 _3319_/X
 _3320_/X
 _3321_/X
 _3322_/X
 _3323_/X
 _3324_/X
 _3325_/X
 _3326_/X
 _3327_/X
 _3328_/X
 _3329_/X
 _3330_/X
 _3331_/X
 _3332_/X
 _3333_/X
 _3334_/X
 _3335_/X
 _3336_/X
 _3337_/X
 _3338_/X
 _3339_/X
 _3340_/X
 _3341_/X
 _3342_/X
 _3343_/X
 _3344_/X
 _3345_/X
 _3346_/X
 _3347_/X
 _3348_/X
 _3349_/X
 _3350_/X
 _3351_/X
 _3352_/Y
 _3353_/Y
 _3354_/X
 _3355_/Y
 _3356_/X
 _3357_/Y
 _3358_/X
 _3359_/X
 _3360_/Y
 _3361_/X
 _3362_/X
 _3363_/Y
 _3364_/X
 _3365_/X
 _3366_/Y
 _3367_/X
 _3368_/X
 _3369_/Y
 _3370_/X
 _3371_/Y
 _3372_/X
 _3373_/Y
 _3374_/X
 _3375_/Y
 _3376_/X
 _3377_/Y
 _3378_/X
 _3379_/Y
 _3380_/X
 _3381_/Y
 _3382_/X
 _3383_/Y
 _3384_/X
 _3385_/Y
 _3386_/X
 _3387_/Y
 _3388_/X
 _3389_/Y
 _3390_/X
 _3391_/Y
 _3392_/X
 _3393_/Y
 _3394_/X
 _3395_/X
 _3396_/Y
 _3397_/X
 _3398_/X
 _3399_/Y
 _3400_/X
 _3401_/Y
 _3402_/X
 _3403_/Y
 _3404_/Y
 _3405_/Y
 _3406_/Y
 _3407_/Q
 _3408_/Q
 _3409_/Q
 _3410_/Q
 _3411_/Q
 _3412_/Q
 _3413_/Q
 _3414_/Q
 _3415_/Q
 _3416_/Q
 _3417_/Q
 _3418_/Q
 _3419_/Q
 _3420_/Q
 _3421_/Q
 _3422_/Q
 _3423_/Q
 _3424_/Q
 _3425_/Q
 _3426_/Q
 _3427_/Q
 _3428_/Q
 _3429_/Q
 _3430_/Q
 _3431_/Q
 _3432_/Q
 _3433_/Q
 _3434_/Q
 _3435_/Q
 _3436_/Q
 _3437_/Q
 _3438_/Q
 _3439_/Q
 _3440_/Q
 _3441_/Q
 _3442_/Q
 _3443_/Q
 _3444_/Q
 _3445_/Q
 _3446_/Q
 _3447_/Q
 _3448_/Q
 _3449_/Q
 _3450_/Q
 _3451_/Q
 _3452_/Q
 _3453_/Q
 _3454_/Q
 _3455_/Q
 _3456_/Q
 _3457_/Q
 _3458_/Q
 _3459_/Q
 _3460_/Q
 _3461_/Q
 _3462_/Q
 _3463_/Q
 _3464_/Q
 _3465_/Q
 _3466_/Q
 _3467_/Q
 _3468_/Q
 _3469_/Q
 _3470_/Q
 _3471_/Q
 _3472_/Q
 _3473_/Q
 _3474_/Q
 _3475_/Q
 _3476_/Q
 _3477_/Q
 _3478_/Q
 _3479_/Q
 _3480_/Q
 _3481_/Q
 _3482_/Q
 _3483_/Q
 _3484_/Q
 _3485_/Q
 _3486_/Q
 _3487_/Q
 _3488_/Q
 _3489_/Q
 _3490_/Q
 _3491_/Q
 _3492_/Q
 _3493_/Q
 _3494_/Q
 _3495_/Q
 _3496_/Q
 _3497_/Q
 _3498_/Q
 _3499_/Q
 _3500_/Q
 _3501_/Q
 _3502_/Q
 _3503_/Q
 _3504_/Q
 _3505_/Q
 _3506_/Q
 _3507_/Q
 _3508_/Q
 _3509_/Q
 _3510_/Q
 _3511_/Q
 _3512_/Q
 _3513_/Q
 _3514_/Q
 _3515_/Q
 _3516_/Q
 _3517_/Q
 _3518_/Q
 _3519_/Q
 _3520_/Q
 _3521_/Q
 _3522_/Q
 _3523_/Q
 _3524_/Q
 _3525_/Q
 _3526_/Q
 _3527_/Q
 _3528_/Q
 _3529_/Q
 _3530_/Q
 _3531_/Q
 _3532_/Q
 _3533_/Q
 _3534_/Q
 _3535_/Q
 _3536_/Q
 _3537_/Q
 _3538_/Q
 _3539_/Q
 _3540_/Q
 _3541_/Q
 _3542_/Q
 _3543_/Q
 _3544_/Q
 _3545_/Q
 _3546_/Q
 _3547_/Q
 _3548_/Q
 _3549_/Q
 _3550_/Q
 _3551_/Q
 _3552_/Q
 _3553_/Q
 _3554_/Q
 _3555_/Q
 _3556_/Q
 _3557_/Q
 _3558_/Q
 _3559_/Q
 _3560_/Q
 _3561_/Q
 _3562_/Q
 _3563_/Q
 _3564_/Q
 _3565_/Q
 _3566_/Q
 _3567_/Q
 _3568_/Q
 _3569_/Q
 _3570_/Q
 _3571_/Q
 _3572_/Q
 _3573_/Q
 _3574_/Q
 _3575_/Q
 _3576_/Q
 _3577_/Q
 _3578_/Q
 _3579_/Q
 _3580_/Q
 _3581_/Q
 _3582_/Q
 _3583_/Q
 _3584_/Q
 _3585_/Q
 _3586_/Q
 _3587_/Q
 _3588_/Q
 _3589_/Q
 _3590_/Q
 _3591_/Q
 _3592_/Q
 _3593_/Q
 _3594_/Q
 _3595_/Q
 _3596_/Q
 _3597_/Q
 _3598_/Q
 _3599_/Q
 _3600_/Q
 _3601_/Q
 _3602_/Q
 _3603_/Q
 _3604_/Q
 _3605_/Q
 _3606_/Q
 _3607_/Q
 _3608_/Q
 _3609_/Q
 _3610_/Q
 _3611_/Q
 _3612_/Q
 _3613_/Q
 _3614_/Q
 _3615_/Q
 _3616_/Q
 _3617_/Q
 _3618_/Q
 _3619_/Q
 _3620_/Q
 _3621_/Q
 _3622_/Q
 _3623_/Q
 _3624_/Q
 _3625_/Q
 _3626_/Q
 _3627_/Q
 _3628_/Q
 _3629_/Q
 _3630_/Q
 _3631_/Q
 _3632_/Q
 _3633_/Q
 _3634_/Q
 _3635_/Q
 _3636_/Q
 _3637_/Q
 _3638_/Q
 _3639_/Q
 _3640_/Q
 _3641_/Q
 _3642_/Q
 _3643_/Q
 _3644_/Q
 _3645_/Q
 _3646_/Q
 _3647_/Q
 _3648_/Q
 _3649_/Q
 _3650_/Q
 _3651_/Q
 _3652_/Q
 _3653_/Q
 _3654_/Q
 _3655_/Q
 _3656_/Q
 _3657_/Q
 _3658_/Q
 _3659_/Q
 _3660_/Q
 _3661_/Q
 _3662_/Q
 _3663_/Q
 _3664_/Q
 _3665_/Q
 _3666_/Q
 _3667_/Q
 _3668_/Q
 _3669_/Q
 _3670_/Q
 _3671_/Q
 _3672_/Q
 _3673_/Q
 _3674_/Q
 _3675_/Q
 _3676_/Q
 _3677_/Q
 _3678_/Q
 _3679_/Q
 _3680_/Q
 _3681_/Q
 _3682_/Q
 _3683_/Q
 _3684_/Q
 _3685_/Q
 _3686_/Q
 _3687_/Q
 _3688_/Q
 _3689_/Q
 _3690_/Q
 _3691_/Q
 _3692_/Q
 _3693_/Q
 _3694_/Q
 _3695_/Q
 _3696_/Q
 _3697_/Q
 _3698_/Q
 _3699_/Q
 _3700_/Q
 _3701_/Q
 _3702_/Q
 _3703_/Q
 _3704_/Q
 _3705_/Q
 _3706_/Q
 _3707_/Q
 _3708_/Q
 _3709_/Q
 _3710_/Q
 _3711_/Q
 _3712_/Q
 _3713_/Q
 _3714_/Q
 _3715_/Q
 _3716_/Q
 _3717_/Q
 _3718_/Q
 _3719_/Q
 _3720_/Q
 _3721_/Q
 _3722_/Q
 _3723_/Q
 _3724_/Q
 _3725_/Q
 _3726_/Q
 _3727_/Q
 _3728_/Q
 _3729_/Q
 _3730_/Q
 _3731_/Q
Found 0 partially unannotated drivers.

===========================================================================
max slew violation count 0
max fanout violation count 0
max cap violation count 0
============================================================================

===========================================================================
check_setup -verbose -unconstrained_endpoints -multiple_clock -no_clock -no_input_delay -loops -generated_clocks
===========================================================================
Warning: There are 2 input ports missing set_input_delay.
  control
  reset
Warning: There are 47 unconstrained endpoints.
  an[0]
  an[1]
  an[2]
  an[3]
  an[4]
  an[5]
  an[6]
  an[7]
  result[0]
  result[10]
  result[11]
  result[12]
  result[13]
  result[14]
  result[15]
  result[16]
  result[17]
  result[18]
  result[19]
  result[1]
  result[20]
  result[21]
  result[22]
  result[23]
  result[24]
  result[25]
  result[26]
  result[27]
  result[28]
  result[29]
  result[2]
  result[30]
  result[31]
  result[3]
  result[4]
  result[5]
  result[6]
  result[7]
  result[8]
  result[9]
  seg[0]
  seg[1]
  seg[2]
  seg[3]
  seg[4]
  seg[5]
  seg[6]
